[00:00:50] [Server thread/INFO] [net.minecraft.server.dedicated.DedicatedServer]: Floppapan was slain by Troll
[00:00:53] [Server thread/INFO] [ebwizardry]: Sending global donation perk settings to Floppapan
[00:07:48] [Server thread/INFO] [net.minecraft.server.dedicated.DedicatedServer]: Floppapan was slain by Darkling
[00:07:50] [Server thread/INFO] [ebwizardry]: Sending global donation perk settings to Floppapan
[00:13:41] [Server thread/INFO] [net.minecraft.server.dedicated.DedicatedServer]: Floppapan experienced kinetic energy
[00:13:43] [Server thread/INFO] [ebwizardry]: Sending global donation perk settings to Floppapan
[00:18:18] [Server thread/INFO] [net.minecraft.server.dedicated.DedicatedServer]: Floppapan was slain by Spectre
[00:18:19] [Server thread/INFO] [ebwizardry]: Sending global donation perk settings to Floppapan
[00:18:20] [Thread-311/INFO] [STDOUT]: [com.lycanitesmobs.LycanitesMobs:logInfo:278]: [LycanitesMobs] [Info] [] Online familiars loaded successfully for cf33258a-1264-3ee0-88b5-b04949451580.
[00:27:40] [Server thread/INFO] [net.minecraft.server.dedicated.DedicatedServer]: Floppapan was slain by Spectre
[00:27:43] [Server thread/INFO] [ebwizardry]: Sending global donation perk settings to Floppapan
[00:32:22] [Server thread/INFO] [net.minecraft.server.dedicated.DedicatedServer]: Floppapan was slain by Darkling
[00:32:24] [Server thread/INFO] [ebwizardry]: Sending global donation perk settings to Floppapan
[00:42:10] [Server thread/INFO] [net.minecraft.server.dedicated.DedicatedServer]: Floppapan was slain by Russet Shade
[00:42:11] [Server thread/INFO] [ebwizardry]: Sending global donation perk settings to Floppapan
[00:45:38] [Server thread/INFO] [STDOUT]: [com.yyon.grapplinghook.entities.grappleArrow:func_70184_a:402]: ignore block
[00:46:02] [Server thread/INFO] [ebwizardry]: Synchronising advancements for Floppapan
[00:47:30] [Server thread/INFO] [net.minecraft.server.dedicated.DedicatedServer]: Floppapan was slain by Darkling
[00:47:32] [Server thread/INFO] [ebwizardry]: Sending global donation perk settings to Floppapan
[00:49:40] [Server thread/INFO] [net.minecraft.server.dedicated.DedicatedServer]: Floppapan has made the advancement [Arcane Tinkering]
[00:49:40] [Server thread/INFO] [ebwizardry]: Synchronising advancements for Floppapan
[00:50:01] [Server thread/INFO] [net.minecraft.server.dedicated.DedicatedServer]: Floppapan has made the advancement [Wizard's Apprentice]
[00:50:01] [Server thread/INFO] [ebwizardry]: Synchronising advancements for Floppapan
